-------------------------------------------------------------------------------
Test set: calculator.CalculatorTest
-------------------------------------------------------------------------------
Tests run: 1, Failures: 0, Errors: 1, Skipped: 0, Time elapsed: 0.001 s <<< FAILURE! - in calculator.CalculatorTest
initializationError(calculator.CalculatorTest)  Time elapsed: 0.001 s  <<< ERROR!
java.lang.NoClassDefFoundError: Lcalculator/Main;
Caused by: java.lang.ClassNotFoundException: calculator.Main

